This file contains any messages produced by compilers while
running configure, to aid debugging if configure makes a mistake.

It was created by configure, which was
generated by GNU Autoconf 2.63.  Invocation command line was

  $ ./configure --with-problem=planet-disk --enable-shearing-box --with-gas=hydro --with-eos=isothermal --with-flux=roe --enable-mpi -enable-viscosity

## --------- ##
## Platform. ##
## --------- ##

hostname = quser03
uname -m = x86_64
uname -r = 2.6.32-358.7.1.el6.x86_64
uname -s = Linux
uname -v = #1 SMP Tue Apr 9 18:08:17 EDT 2013

/usr/bin/uname -p = unknown
/bin/uname -X     = unknown

/bin/arch              = x86_64
/usr/bin/arch -k       = unknown
/usr/convex/getsysinfo = unknown
/usr/bin/hostinfo      = unknown
/bin/machine           = unknown
/usr/bin/oslevel       = unknown
/bin/universe          = unknown

PATH: /software/mpi/openmpi-1.6.3-gcc-4.6.3-trq4/bin
PATH: /hpc/software/gcc/4.6.3-rhel6/bin
PATH: /software/enthought/python/epd_free-7.3.2-rh6-x86_64/bin
PATH: /opt/moab7/bin
PATH: /opt/moab7/sbin
PATH: /usr/lib64/qt-3.3/bin
PATH: /opt/moab7/bin
PATH: /opt/moab7/sbin
PATH: /usr/local/bin
PATH: /bin
PATH: /usr/bin
PATH: /usr/lpp/mmfs/bin
PATH: /opt/torque4/bin
PATH: /opt/torque4/sbin
PATH: /home/amd616
PATH: /usr/lpp/mmfs/bin
PATH: /opt/torque4/bin
PATH: /opt/torque4/sbin
PATH: /home/amd616


## ----------- ##
## Core tests. ##
## ----------- ##

configure:1916: checking for gcc
configure:1932: found /hpc/software/gcc/4.6.3-rhel6/bin/gcc
configure:1943: result: gcc
configure:2175: checking for C compiler version
configure:2183: gcc --version >&5
gcc (GCC) 4.6.3
Copyright (C) 2011 Free Software Foundation, Inc.
This is free software; see the source for copying conditions.  There is NO
warranty; not even for MERCHANTABILITY or FITNESS FOR A PARTICULAR PURPOSE.

configure:2187: $? = 0
configure:2194: gcc -v >&5
Using built-in specs.
COLLECT_GCC=gcc
COLLECT_LTO_WRAPPER=/hpc/software/gcc/4.6.3-rhel6/bin/../libexec/gcc/x86_64-unknown-linux-gnu/4.6.3/lto-wrapper
Target: x86_64-unknown-linux-gnu
Configured with: ./configure --prefix=/software/gcc/4.6.3-rhel6 --with-ppl=/usr/local --enable-languages=go,c,c++,fortran,java,lto,objc,obj-c++ --disable-sjlj-exceptions --enable-gold=yes --enable-plugins
Thread model: posix
gcc version 4.6.3 (GCC) 
configure:2198: $? = 0
configure:2205: gcc -V >&5
gcc: error: unrecognized option '-V'
gcc: fatal error: no input files
compilation terminated.
configure:2209: $? = 1
configure:2232: checking for C compiler default output file name
configure:2254: gcc    conftest.c  >&5
configure:2258: $? = 0
configure:2296: result: a.out
configure:2315: checking whether the C compiler works
configure:2325: ./a.out
configure:2329: $? = 0
configure:2348: result: yes
configure:2355: checking whether we are cross compiling
configure:2357: result: no
configure:2360: checking for suffix of executables
configure:2367: gcc -o conftest    conftest.c  >&5
configure:2371: $? = 0
configure:2397: result: 
configure:2403: checking for suffix of object files
configure:2429: gcc -c   conftest.c >&5
configure:2433: $? = 0
configure:2458: result: o
configure:2462: checking whether we are using the GNU C compiler
configure:2491: gcc -c   conftest.c >&5
configure:2498: $? = 0
configure:2515: result: yes
configure:2524: checking whether gcc accepts -g
configure:2554: gcc -c -g  conftest.c >&5
configure:2561: $? = 0
configure:2662: result: yes
configure:2679: checking for gcc option to accept ISO C89
configure:2753: gcc  -c -g -O2  conftest.c >&5
configure:2760: $? = 0
configure:2783: result: none needed
configure:2846: checking for a BSD-compatible install
configure:2914: result: /usr/bin/install -c
configure:3616: checking how to run the C preprocessor
configure:3656: gcc -E  conftest.c
configure:3663: $? = 0
configure:3694: gcc -E  conftest.c
conftest.c:8:28: fatal error: ac_nonexistent.h: No such file or directory
compilation terminated.
configure:3701: $? = 1
configure: failed program was:
| /* confdefs.h.  */
| #define PACKAGE_NAME ""
| #define PACKAGE_TARNAME ""
| #define PACKAGE_VERSION ""
| #define PACKAGE_STRING ""
| #define PACKAGE_BUGREPORT ""
| /* end confdefs.h.  */
| #include <ac_nonexistent.h>
configure:3734: result: gcc -E
configure:3763: gcc -E  conftest.c
configure:3770: $? = 0
configure:3801: gcc -E  conftest.c
conftest.c:8:28: fatal error: ac_nonexistent.h: No such file or directory
compilation terminated.
configure:3808: $? = 1
configure: failed program was:
| /* confdefs.h.  */
| #define PACKAGE_NAME ""
| #define PACKAGE_TARNAME ""
| #define PACKAGE_VERSION ""
| #define PACKAGE_STRING ""
| #define PACKAGE_BUGREPORT ""
| /* end confdefs.h.  */
| #include <ac_nonexistent.h>
configure:3848: checking for grep that handles long lines and -e
configure:3908: result: /bin/grep
configure:3913: checking for egrep
configure:3977: result: /bin/grep -E
configure:3983: checking whether gcc needs -traditional
configure:4025: result: no
configure:4036: checking for strdup
configure:4092: gcc -o conftest -g -O2   conftest.c  >&5
conftest.c:31:6: warning: conflicting types for built-in function 'strdup' [enabled by default]
configure:4099: $? = 0
configure:4121: result: yes
configure:4133: checking for ANSI C header files
configure:4163: gcc -c -g -O2  conftest.c >&5
configure:4170: $? = 0
configure:4269: gcc -o conftest -g -O2   conftest.c  >&5
configure:4273: $? = 0
configure:4279: ./conftest
configure:4283: $? = 0
configure:4301: result: yes
configure:4325: checking for sys/types.h
configure:4346: gcc -c -g -O2  conftest.c >&5
configure:4353: $? = 0
configure:4370: result: yes
configure:4325: checking for sys/stat.h
configure:4346: gcc -c -g -O2  conftest.c >&5
configure:4353: $? = 0
configure:4370: result: yes
configure:4325: checking for stdlib.h
configure:4346: gcc -c -g -O2  conftest.c >&5
configure:4353: $? = 0
configure:4370: result: yes
configure:4325: checking for string.h
configure:4346: gcc -c -g -O2  conftest.c >&5
configure:4353: $? = 0
configure:4370: result: yes
configure:4325: checking for memory.h
configure:4346: gcc -c -g -O2  conftest.c >&5
configure:4353: $? = 0
configure:4370: result: yes
configure:4325: checking for strings.h
configure:4346: gcc -c -g -O2  conftest.c >&5
configure:4353: $? = 0
configure:4370: result: yes
configure:4325: checking for inttypes.h
configure:4346: gcc -c -g -O2  conftest.c >&5
configure:4353: $? = 0
configure:4370: result: yes
configure:4325: checking for stdint.h
configure:4346: gcc -c -g -O2  conftest.c >&5
configure:4353: $? = 0
configure:4370: result: yes
configure:4325: checking for unistd.h
configure:4346: gcc -c -g -O2  conftest.c >&5
configure:4353: $? = 0
configure:4370: result: yes
configure:4385: checking whether byte ordering is bigendian
configure:4410: gcc -c -g -O2  conftest.c >&5
conftest.c:20:9: error: unknown type name 'not'
conftest.c:20:15: error: expected '=', ',', ';', 'asm' or '__attribute__' before 'universal'
conftest.c:20:15: error: unknown type name 'universal'
configure:4417: $? = 1
configure: failed program was:
| /* confdefs.h.  */
| #define PACKAGE_NAME ""
| #define PACKAGE_TARNAME ""
| #define PACKAGE_VERSION ""
| #define PACKAGE_STRING ""
| #define PACKAGE_BUGREPORT ""
| #define HAVE_STRDUP 1
| #define STDC_HEADERS 1
| #define HAVE_SYS_TYPES_H 1
| #define HAVE_SYS_STAT_H 1
| #define HAVE_STDLIB_H 1
| #define HAVE_STRING_H 1
| #define HAVE_MEMORY_H 1
| #define HAVE_STRINGS_H 1
| #define HAVE_INTTYPES_H 1
| #define HAVE_STDINT_H 1
| #define HAVE_UNISTD_H 1
| /* end confdefs.h.  */
| #ifndef __APPLE_CC__
| 	       not a universal capable compiler
| 	     #endif
| 	     typedef int dummy;
| 
configure:4467: gcc -c -g -O2  conftest.c >&5
configure:4474: $? = 0
configure:4506: gcc -c -g -O2  conftest.c >&5
conftest.c: In function 'main':
conftest.c:26:4: error: unknown type name 'not'
conftest.c:26:12: error: expected '=', ',', ';', 'asm' or '__attribute__' before 'endian'
configure:4513: $? = 1
configure: failed program was:
| /* confdefs.h.  */
| #define PACKAGE_NAME ""
| #define PACKAGE_TARNAME ""
| #define PACKAGE_VERSION ""
| #define PACKAGE_STRING ""
| #define PACKAGE_BUGREPORT ""
| #define HAVE_STRDUP 1
| #define STDC_HEADERS 1
| #define HAVE_SYS_TYPES_H 1
| #define HAVE_SYS_STAT_H 1
| #define HAVE_STDLIB_H 1
| #define HAVE_STRING_H 1
| #define HAVE_MEMORY_H 1
| #define HAVE_STRINGS_H 1
| #define HAVE_INTTYPES_H 1
| #define HAVE_STDINT_H 1
| #define HAVE_UNISTD_H 1
| /* end confdefs.h.  */
| #include <sys/types.h>
| 		#include <sys/param.h>
| 
| int
| main ()
| {
| #if BYTE_ORDER != BIG_ENDIAN
| 		 not big endian
| 		#endif
| 
|   ;
|   return 0;
| }
configure:4765: result: no
configure:4910: creating ./config.status

## ---------------------- ##
## Running config.status. ##
## ---------------------- ##

This file was extended by config.status, which was
generated by GNU Autoconf 2.63.  Invocation command line was

  CONFIG_FILES    = 
  CONFIG_HEADERS  = 
  CONFIG_LINKS    = 
  CONFIG_COMMANDS = 
  $ ./config.status 

on quser03

config.status:772: creating Makefile
config.status:772: creating Makeoptions
config.status:772: creating src/Makefile
config.status:772: creating src/defs.h
config.status:772: creating src/fftsrc/Makefile
config.status:772: creating src/gravity/Makefile
config.status:772: creating src/integrators/Makefile
config.status:772: creating src/microphysics/Makefile
config.status:772: creating src/reconstruction/Makefile
config.status:772: creating src/rsolvers/Makefile
config.status:772: creating src/particles/Makefile
config.status:772: creating src/config.h
config.status:988: src/config.h is unchanged

## ---------------- ##
## Cache variables. ##
## ---------------- ##

ac_cv_c_bigendian=no
ac_cv_c_compiler_gnu=yes
ac_cv_env_CC_set=
ac_cv_env_CC_value=
ac_cv_env_CFLAGS_set=
ac_cv_env_CFLAGS_value=
ac_cv_env_CPPFLAGS_set=
ac_cv_env_CPPFLAGS_value=
ac_cv_env_CPP_set=
ac_cv_env_CPP_value=
ac_cv_env_LDFLAGS_set=
ac_cv_env_LDFLAGS_value=
ac_cv_env_LIBS_set=
ac_cv_env_LIBS_value=
ac_cv_env_build_alias_set=
ac_cv_env_build_alias_value=
ac_cv_env_host_alias_set=
ac_cv_env_host_alias_value=
ac_cv_env_target_alias_set=
ac_cv_env_target_alias_value=
ac_cv_func_strdup=yes
ac_cv_header_inttypes_h=yes
ac_cv_header_memory_h=yes
ac_cv_header_stdc=yes
ac_cv_header_stdint_h=yes
ac_cv_header_stdlib_h=yes
ac_cv_header_string_h=yes
ac_cv_header_strings_h=yes
ac_cv_header_sys_stat_h=yes
ac_cv_header_sys_types_h=yes
ac_cv_header_unistd_h=yes
ac_cv_objext=o
ac_cv_path_EGREP='/bin/grep -E'
ac_cv_path_GREP=/bin/grep
ac_cv_path_install='/usr/bin/install -c'
ac_cv_prog_CPP='gcc -E'
ac_cv_prog_ac_ct_CC=gcc
ac_cv_prog_cc_c89=
ac_cv_prog_cc_g=yes
ac_cv_prog_gcc_traditional=no

## ----------------- ##
## Output variables. ##
## ----------------- ##

ACCURACY='THIRD_ORDER_CHAR'
A_CONFIGURE_DATE='Wed Jul 23 16:30:48 CDT 2014'
CC='gcc'
CFLAGS='-g -O2'
COMPILER_OPTS='-O3'
CONDUCTION_MODE='NO_THERMAL_CONDUCTION'
COORD='CARTESIAN'
CPP='gcc -E'
CPPFLAGS=''
DEBUG_MODE='OPTIMIZE'
DEFS='-DHAVE_CONFIG_H'
ECHO_C=''
ECHO_N='-n'
ECHO_T=''
EGREP='/bin/grep -E'
EOS='ISOTHERMAL'
EXEEXT=''
FARGO_MODE='NO_FARGO'
FEEDBACK_DEFINE='NO_FEEDBACK'
FFT_MODE='NO_FFT'
FLUX_DEF='ROE_FLUX'
FLUX_NAME='roe'
FOFC_MODE='NO_FIRST_ORDER_FLUX_CORRECTION'
GAS='HYDRO'
GREP='/bin/grep'
H_CORRECTION_MODE='NO_H_CORRECTION'
INSTALL_DATA='${INSTALL} -m 644'
INSTALL_PROGRAM='${INSTALL}'
INSTALL_SCRIPT='${INSTALL}'
INTEGRATOR='ctu'
INTEGRATOR_DEF='CTU_INTEGRATOR'
L1_INFLOW_MODE='NO_L1_INFLOW'
LDFLAGS=''
LIBOBJS=''
LIBS=''
LTLIBOBJS=''
MESH_REFINEMENT='NO_MESH_REFINEMENT'
MPI_MODE='MPI_PARALLEL'
NSCALARS='0'
OBJEXT='o'
ORDER='3'
PACKAGE_BUGREPORT=''
PACKAGE_NAME=''
PACKAGE_STRING=''
PACKAGE_TARNAME=''
PACKAGE_VERSION=''
PARTICLES_ALGORITHM='NO_PARTICLES'
PATH_SEPARATOR=':'
PRECISION='DOUBLE_PREC'
PROBLEM='planet-disk'
RESISTIVITY_MODE='NO_RESISTIVITY'
ROTATING_FRAME_MODE='NO_ROTATING_FRAME'
SELF_GRAVITY_ALGORITHM='SELF_GRAVITY_NONE'
SELF_GRAVITY_DEFINE='NO_SELF_GRAVITY'
SHEARING_BOX_MODE='SHEARING_BOX'
SHELL='/bin/sh'
SPECIAL_RELATIVITY_MODE='NEWTONIAN'
TIMESTEPPING_MODE='NO_STS'
VISCOSITY_MODE='VISCOSITY'
WARNING1='WARNING! This file has been automatically generated by configure.'
WARNING2='Any changes to it will be overwritten the next time configure is run.'
WRITE_GHOST_MODE='NO_WRITE_GHOST_CELLS'
ac_ct_CC='gcc'
bindir='${exec_prefix}/bin'
build_alias=''
datadir='${datarootdir}'
datarootdir='${prefix}/share'
docdir='${datarootdir}/doc/${PACKAGE}'
dvidir='${docdir}'
exec_prefix='${prefix}'
host_alias=''
htmldir='${docdir}'
includedir='${prefix}/include'
infodir='${datarootdir}/info'
libdir='${exec_prefix}/lib'
libexecdir='${exec_prefix}/libexec'
localedir='${datarootdir}/locale'
localstatedir='${prefix}/var'
mandir='${datarootdir}/man'
oldincludedir='/usr/include'
pdfdir='${docdir}'
prefix='/usr/local'
program_transform_name='s,x,x,'
psdir='${docdir}'
sbindir='${exec_prefix}/sbin'
sharedstatedir='${prefix}/com'
sysconfdir='${prefix}/etc'
target_alias=''

## ----------- ##
## confdefs.h. ##
## ----------- ##

#define PACKAGE_NAME ""
#define PACKAGE_TARNAME ""
#define PACKAGE_VERSION ""
#define PACKAGE_STRING ""
#define PACKAGE_BUGREPORT ""
#define HAVE_STRDUP 1
#define STDC_HEADERS 1
#define HAVE_SYS_TYPES_H 1
#define HAVE_SYS_STAT_H 1
#define HAVE_STDLIB_H 1
#define HAVE_STRING_H 1
#define HAVE_MEMORY_H 1
#define HAVE_STRINGS_H 1
#define HAVE_INTTYPES_H 1
#define HAVE_STDINT_H 1
#define HAVE_UNISTD_H 1

configure: exit 0
